# JRE version: Java(TM) SE Runtime Environment (7.0_45-b18) (build 1.7.0_45-b18)
# Java VM: Java HotSpot(TM) 64-Bit Server VM (24.45-b08 mixed mode windows-amd64 compressed oops)
Heap
 PSYoungGen      total 137216K, used 67591K [0x00000000eaa80000, 0x00000000fcb80000, 0x0000000100000000)
  eden space 120320K, 47% used [0x00000000eaa80000,0x00000000ee2965b8,0x00000000f2000000)
  from space 16896K, 60% used [0x00000000f2000000,0x00000000f29eb6a0,0x00000000f3080000)
  to   space 27648K, 0% used [0x00000000fb080000,0x00000000fb080000,0x00000000fcb80000)
 ParOldGen       total 81408K, used 40036K [0x00000000c0000000, 0x00000000c4f80000, 0x00000000eaa80000)
  object space 81408K, 49% used [0x00000000c0000000,0x00000000c2719348,0x00000000c4f80000)
 PSPermGen       total 21504K, used 6027K [0x00000000bae00000, 0x00000000bc300000, 0x00000000c0000000)
  object space 21504K, 28% used [0x00000000bae00000,0x00000000bb3e2d00,0x00000000bc300000)
GC Heap History (10 events):
Event: 8.910 GC heap before
{Heap before GC invocations=4 (full 0):
 PSYoungGen      total 33280K, used 33278K [0x00000000eaa80000, 0x00000000eeb80000, 0x0000000100000000)
  eden space 30720K, 100% used [0x00000000eaa80000,0x00000000ec880000,0x00000000ec880000)
  from space 2560K, 99% used [0x00000000ec880000,0x00000000ecaff8e8,0x00000000ecb00000)
  to   space 2560K, 0% used [0x00000000ee900000,0x00000000ee900000,0x00000000eeb80000)
 ParOldGen       total 40448K, used 6900K [0x00000000c0000000, 0x00000000c2780000, 0x00000000eaa80000)
  object space 40448K, 17% used [0x00000000c0000000,0x00000000c06bd3c8,0x00000000c2780000)
 PSPermGen       total 21504K, used 5879K [0x00000000bae00000, 0x00000000bc300000, 0x00000000c0000000)
  object space 21504K, 27% used [0x00000000bae00000,0x00000000bb3bdc08,0x00000000bc300000)
Event: 9.051 GC heap after
Heap after GC invocations=4 (full 0):
 PSYoungGen      total 64000K, used 2555K [0x00000000eaa80000, 0x00000000eeb80000, 0x0000000100000000)
  eden space 61440K, 0% used [0x00000000eaa80000,0x00000000eaa80000,0x00000000ee680000)
  from space 2560K, 99% used [0x00000000ee900000,0x00000000eeb7ef70,0x00000000eeb80000)
  to   space 2560K, 0% used [0x00000000ee680000,0x00000000ee680000,0x00000000ee900000)
 ParOldGen       total 40448K, used 11631K [0x00000000c0000000, 0x00000000c2780000, 0x00000000eaa80000)
  object space 40448K, 28% used [0x00000000c0000000,0x00000000c0b5bd58,0x00000000c2780000)
 PSPermGen       total 21504K, used 5879K [0x00000000bae00000, 0x00000000bc300000, 0x00000000c0000000)
  object space 21504K, 27% used [0x00000000bae00000,0x00000000bb3bdc08,0x00000000bc300000)
}
Event: 11.198 GC heap before
{Heap before GC invocations=5 (full 0):
 PSYoungGen      total 64000K, used 63995K [0x00000000eaa80000, 0x00000000eeb80000, 0x0000000100000000)
  eden space 61440K, 100% used [0x00000000eaa80000,0x00000000ee680000,0x00000000ee680000)
  from space 2560K, 99% used [0x00000000ee900000,0x00000000eeb7ef70,0x00000000eeb80000)
  to   space 2560K, 0% used [0x00000000ee680000,0x00000000ee680000,0x00000000ee900000)
 ParOldGen       total 40448K, used 11631K [0x00000000c0000000, 0x00000000c2780000, 0x00000000eaa80000)
  object space 40448K, 28% used [0x00000000c0000000,0x00000000c0b5bd58,0x00000000c2780000)
 PSPermGen       total 21504K, used 5916K [0x00000000bae00000, 0x00000000bc300000, 0x00000000c0000000)
  object space 21504K, 27% used [0x00000000bae00000,0x00000000bb3c70b0,0x00000000bc300000)
Event: 11.458 GC heap after
Heap after GC invocations=5 (full 0):
 PSYoungGen      total 64000K, used 2558K [0x00000000eaa80000, 0x00000000f3e80000, 0x0000000100000000)
  eden space 61440K, 0% used [0x00000000eaa80000,0x00000000eaa80000,0x00000000ee680000)
  from space 2560K, 99% used [0x00000000ee680000,0x00000000ee8ff8c8,0x00000000ee900000)
  to   space 14336K, 0% used [0x00000000f3080000,0x00000000f3080000,0x00000000f3e80000)
 ParOldGen       total 40448K, used 21539K [0x00000000c0000000, 0x00000000c2780000, 0x00000000eaa80000)
  object space 40448K, 53% used [0x00000000c0000000,0x00000000c1508da8,0x00000000c2780000)
 PSPermGen       total 21504K, used 5916K [0x00000000bae00000, 0x00000000bc300000, 0x00000000c0000000)
  object space 21504K, 27% used [0x00000000bae00000,0x00000000bb3c70b0,0x00000000bc300000)
}
Event: 12.682 GC heap before
{Heap before GC invocations=6 (full 0):
 PSYoungGen      total 64000K, used 63998K [0x00000000eaa80000, 0x00000000f3e80000, 0x0000000100000000)
  eden space 61440K, 100% used [0x00000000eaa80000,0x00000000ee680000,0x00000000ee680000)
  from space 2560K, 99% used [0x00000000ee680000,0x00000000ee8ff8c8,0x00000000ee900000)
  to   space 14336K, 0% used [0x00000000f3080000,0x00000000f3080000,0x00000000f3e80000)
 ParOldGen       total 40448K, used 21539K [0x00000000c0000000, 0x00000000c2780000, 0x00000000eaa80000)
  object space 40448K, 53% used [0x00000000c0000000,0x00000000c1508da8,0x00000000c2780000)
 PSPermGen       total 21504K, used 5958K [0x00000000bae00000, 0x00000000bc300000, 0x00000000c0000000)
  object space 21504K, 27% used [0x00000000bae00000,0x00000000bb3d1bd8,0x00000000bc300000)
Event: 12.740 GC heap after
Heap after GC invocations=6 (full 0):
 PSYoungGen      total 134656K, used 12945K [0x00000000eaa80000, 0x00000000f4380000, 0x0000000100000000)
  eden space 120320K, 0% used [0x00000000eaa80000,0x00000000eaa80000,0x00000000f2000000)
  from space 14336K, 90% used [0x00000000f3080000,0x00000000f3d24608,0x00000000f3e80000)
  to   space 16896K, 0% used [0x00000000f2000000,0x00000000f2000000,0x00000000f3080000)
 ParOldGen       total 40448K, used 21539K [0x00000000c0000000, 0x00000000c2780000, 0x00000000eaa80000)
  object space 40448K, 53% used [0x00000000c0000000,0x00000000c1508da8,0x00000000c2780000)
 PSPermGen       total 21504K, used 5958K [0x00000000bae00000, 0x00000000bc300000, 0x00000000c0000000)
  object space 21504K, 27% used [0x00000000bae00000,0x00000000bb3d1bd8,0x00000000bc300000)
}
Event: 13.903 GC heap before
{Heap before GC invocations=7 (full 0):
 PSYoungGen      total 134656K, used 133265K [0x00000000eaa80000, 0x00000000f4380000, 0x0000000100000000)
  eden space 120320K, 100% used [0x00000000eaa80000,0x00000000f2000000,0x00000000f2000000)
  from space 14336K, 90% used [0x00000000f3080000,0x00000000f3d24608,0x00000000f3e80000)
  to   space 16896K, 0% used [0x00000000f2000000,0x00000000f2000000,0x00000000f3080000)
 ParOldGen       total 40448K, used 21539K [0x00000000c0000000, 0x00000000c2780000, 0x00000000eaa80000)
  object space 40448K, 53% used [0x00000000c0000000,0x00000000c1508da8,0x00000000c2780000)
 PSPermGen       total 21504K, used 6027K [0x00000000bae00000, 0x00000000bc300000, 0x00000000c0000000)
  object space 21504K, 28% used [0x00000000bae00000,0x00000000bb3e2cd8,0x00000000bc300000)
Event: 14.071 GC heap after
Heap after GC invocations=7 (full 0):
 PSYoungGen      total 137216K, used 16869K [0x00000000eaa80000, 0x00000000fcb80000, 0x0000000100000000)
  eden space 120320K, 0% used [0x00000000eaa80000,0x00000000eaa80000,0x00000000f2000000)
  from space 16896K, 99% used [0x00000000f2000000,0x00000000f3079400,0x00000000f3080000)
  to   space 27648K, 0% used [0x00000000fb080000,0x00000000fb080000,0x00000000fcb80000)
 ParOldGen       total 40448K, used 36491K [0x00000000c0000000, 0x00000000c2780000, 0x00000000eaa80000)
  object space 40448K, 90% used [0x00000000c0000000,0x00000000c23a2df0,0x00000000c2780000)
 PSPermGen       total 21504K, used 6027K [0x00000000bae00000, 0x00000000bc300000, 0x00000000c0000000)
  object space 21504K, 28% used [0x00000000bae00000,0x00000000bb3e2cd8,0x00000000bc300000)
}
Event: 14.106 GC heap before
{Heap before GC invocations=8 (full 1):
 PSYoungGen      total 137216K, used 16869K [0x00000000eaa80000, 0x00000000fcb80000, 0x0000000100000000)
  eden space 120320K, 0% used [0x00000000eaa80000,0x00000000eaa80000,0x00000000f2000000)
  from space 16896K, 99% used [0x00000000f2000000,0x00000000f3079400,0x00000000f3080000)
  to   space 27648K, 0% used [0x00000000fb080000,0x00000000fb080000,0x00000000fcb80000)
 ParOldGen       total 40448K, used 36491K [0x00000000c0000000, 0x00000000c2780000, 0x00000000eaa80000)
  object space 40448K, 90% used [0x00000000c0000000,0x00000000c23a2df0,0x00000000c2780000)
 PSPermGen       total 21504K, used 6027K [0x00000000bae00000, 0x00000000bc300000, 0x00000000c0000000)
  object space 21504K, 28% used [0x00000000bae00000,0x00000000bb3e2cd8,0x00000000bc300000)
Event: 16.567 GC heap after
Heap after GC invocations=8 (full 1):
 PSYoungGen      total 137216K, used 10157K [0x00000000eaa80000, 0x00000000fcb80000, 0x0000000100000000)
  eden space 120320K, 0% used [0x00000000eaa80000,0x00000000eaa80000,0x00000000f2000000)
  from space 16896K, 60% used [0x00000000f2000000,0x00000000f29eb6a0,0x00000000f3080000)
  to   space 27648K, 0% used [0x00000000fb080000,0x00000000fb080000,0x00000000fcb80000)
 ParOldGen       total 81408K, used 40036K [0x00000000c0000000, 0x00000000c4f80000, 0x00000000eaa80000)
  object space 81408K, 49% used [0x00000000c0000000,0x00000000c2719348,0x00000000c4f80000)
 PSPermGen       total 21504K, used 6020K [0x00000000bae00000, 0x00000000bc300000, 0x00000000c0000000)
  object space 21504K, 27% used [0x00000000bae00000,0x00000000bb3e10d8,0x00000000bc300000)
}

